Build started 1/25/2013 11:06:31 AM.
     1>Project "C:\Users\artur\Downloads\LcGUI\LcGUI\LcGUI\LcGUI.vcxproj" on node 2 (build target(s)).
     1>InitializeBuildStatus:
         Creating "Release\LcGUI.unsuccessfulbuild" because "AlwaysCreate" was specified.
       ClCompile:
         All outputs are up-to-date.
         c:\Program Files (x86)\Microsoft Visual Studio 10.0\VC\bin\CL.exe /c /Zi /nologo /W3 /WX- /O2 /Oi /Oy- /GL /D WIN32 /D _WINDOWS /D NDEBUG /Gm- /EHsc /MT /GS /Gy /fp:precise /Zc:wchar_t /Zc:forScope /Yu"StdAfx.h" /Fp"Release\LcGUI.pch" /Fo"Release\\" /Fd"Release\vc100.pdb" /Gd /TP /analyze- /errorReport:prompt LcGUIDlg.cpp
         LcGUIDlg.cpp
     1>c:\users\artur\downloads\lcgui\lcgui\lcgui\Candidate.h(48): warning C4018: '<' : signed/unsigned mismatch
     1>c:\users\artur\downloads\lcgui\lcgui\lcgui\Candidate.h(58): warning C4018: '<' : signed/unsigned mismatch
     1>c:\users\artur\downloads\lcgui\lcgui\lcgui\Candidate.h(70): warning C4018: '<' : signed/unsigned mismatch
     1>c:\users\artur\downloads\lcgui\lcgui\lcgui\Candidate.h(84): warning C4018: '<' : signed/unsigned mismatch
     1>c:\users\artur\downloads\lcgui\lcgui\lcgui\Candidate.h(99): warning C4018: '<' : signed/unsigned mismatch
     1>c:\users\artur\downloads\lcgui\lcgui\lcgui\HashTreeNode.h(67): warning C4018: '<' : signed/unsigned mismatch
     1>c:\users\artur\downloads\lcgui\lcgui\lcgui\HashTreeNode.h(71): warning C4018: '<' : signed/unsigned mismatch
     1>c:\users\artur\downloads\lcgui\lcgui\lcgui\HashTreeNode.h(87): warning C4018: '<' : signed/unsigned mismatch
     1>c:\users\artur\downloads\lcgui\lcgui\lcgui\HashTree.h(27): warning C4018: '<' : signed/unsigned mismatch
     1>c:\users\artur\downloads\lcgui\lcgui\lcgui\FixedHashTree.h(27): warning C4018: '<' : signed/unsigned mismatch
     1>c:\users\artur\downloads\lcgui\lcgui\lcgui\FixedHashTree.h(37): warning C4018: '>=' : signed/unsigned mismatch
     1>c:\users\artur\downloads\lcgui\lcgui\lcgui\FixedHashTree.h(42): warning C4018: '<' : signed/unsigned mismatch
     1>c:\users\artur\downloads\lcgui\lcgui\lcgui\FixedHashTree.h(64): warning C4018: '<' : signed/unsigned mismatch
     1>c:\users\artur\downloads\lcgui\lcgui\lcgui\FixedHashTree.h(78): warning C4018: '<' : signed/unsigned mismatch
     1>c:\users\artur\downloads\lcgui\lcgui\lcgui\FixedHashTree.h(89): warning C4018: '<' : signed/unsigned mismatch
     1>c:\users\artur\downloads\lcgui\lcgui\lcgui\FixedHashTree.h(99): warning C4018: '<' : signed/unsigned mismatch
     1>c:\users\artur\downloads\lcgui\lcgui\lcgui\FixedHashTree.h(116): warning C4018: '<' : signed/unsigned mismatch
     1>c:\users\artur\downloads\lcgui\lcgui\lcgui\FixedHashTree.h(119): warning C4018: '<' : signed/unsigned mismatch
     1>c:\users\artur\downloads\lcgui\lcgui\lcgui\FixedHashTree.h(142): warning C4018: '<' : signed/unsigned mismatch
     1>c:\users\artur\downloads\lcgui\lcgui\lcgui\Tuple.h(56): warning C4018: '<' : signed/unsigned mismatch
     1>c:\users\artur\downloads\lcgui\lcgui\lcgui\Tuple.h(93): warning C4018: '<' : signed/unsigned mismatch
     1>c:\users\artur\downloads\lcgui\lcgui\lcgui\Tuple.h(110): warning C4018: '<' : signed/unsigned mismatch
     1>c:\users\artur\downloads\lcgui\lcgui\lcgui\Tuple.h(114): warning C4018: '<' : signed/unsigned mismatch
     1>c:\users\artur\downloads\lcgui\lcgui\lcgui\TupleCreator.h(36): warning C4018: '<' : signed/unsigned mismatch
     1>c:\users\artur\downloads\lcgui\lcgui\lcgui\TupleCreator.h(122): warning C4018: '<' : signed/unsigned mismatch
     1>c:\users\artur\downloads\lcgui\lcgui\lcgui\TupleCreator.h(149): warning C4244: 'argument' : conversion from 'unsigned int' to 'float', possible loss of data
     1>c:\users\artur\downloads\lcgui\lcgui\lcgui\TupleCreator.h(151): warning C4244: 'argument' : conversion from 'int' to 'float', possible loss of data
     1>c:\users\artur\downloads\lcgui\lcgui\lcgui\TupleCreator.h(163): warning C4305: 'initializing' : truncation from 'int' to 'float'
     1>c:\users\artur\downloads\lcgui\lcgui\lcgui\TupleCreator.h(166): warning C4018: '<' : signed/unsigned mismatch
     1>c:\users\artur\downloads\lcgui\lcgui\lcgui\TupleCreator.h(185): warning C4018: '<' : signed/unsigned mismatch
     1>c:\users\artur\downloads\lcgui\lcgui\lcgui\TupleCreator.h(193): warning C4018: '<' : signed/unsigned mismatch
     1>c:\users\artur\downloads\lcgui\lcgui\lcgui\TupleCreator.h(214): warning C4018: '<' : signed/unsigned mismatch
     1>c:\users\artur\downloads\lcgui\lcgui\lcgui\CandidateGenerator.h(93): warning C4018: '<' : signed/unsigned mismatch
     1>c:\users\artur\downloads\lcgui\lcgui\lcgui\CandidateGenerator.h(94): warning C4018: '<' : signed/unsigned mismatch
     1>c:\users\artur\downloads\lcgui\lcgui\lcgui\CandidateGenerator.h(163): warning C4018: '<' : signed/unsigned mismatch
     1>c:\users\artur\downloads\lcgui\lcgui\lcgui\CandidateGenerator.h(187): warning C4018: '<' : signed/unsigned mismatch
     1>c:\users\artur\downloads\lcgui\lcgui\lcgui\CandidateGenerator.h(207): warning C4018: '<' : signed/unsigned mismatch
     1>c:\users\artur\downloads\lcgui\lcgui\lcgui\CandidateGenerator.h(210): warning C4018: '<' : signed/unsigned mismatch
     1>c:\users\artur\downloads\lcgui\lcgui\lcgui\CandidateGenerator.h(218): warning C4018: '<' : signed/unsigned mismatch
     1>c:\users\artur\downloads\lcgui\lcgui\lcgui\CandidateGenerator.h(230): warning C4018: '<' : signed/unsigned mismatch
     1>c:\users\artur\downloads\lcgui\lcgui\lcgui\CandidateGenerator.h(252): warning C4018: '<' : signed/unsigned mismatch
     1>c:\users\artur\downloads\lcgui\lcgui\lcgui\CandidateGenerator.h(253): warning C4554: '<<' : check operator precedence for possible error; use parentheses to clarify precedence
     1>c:\users\artur\downloads\lcgui\lcgui\lcgui\CandidateGenerator.h(253): warning C4554: '<<' : check operator precedence for possible error; use parentheses to clarify precedence
     1>c:\users\artur\downloads\lcgui\lcgui\lcgui\CandidateGenerator.h(268): warning C4018: '<' : signed/unsigned mismatch
     1>c:\users\artur\downloads\lcgui\lcgui\lcgui\CandidateGenerator.h(270): warning C4018: '<' : signed/unsigned mismatch
     1>c:\users\artur\downloads\lcgui\lcgui\lcgui\ContrastPatternScorer.h(31): warning C4018: '<' : signed/unsigned mismatch
     1>c:\users\artur\downloads\lcgui\lcgui\lcgui\ContrastPatternScorer.h(49): warning C4018: '<' : signed/unsigned mismatch
     1>c:\users\artur\downloads\lcgui\lcgui\lcgui\LcDriver.h(72): warning C4018: '<' : signed/unsigned mismatch
     1>LcGUIDlg.cpp(56): warning C4244: 'initializing' : conversion from 'LONGLONG' to 'long', possible loss of data
       ResourceCompile:
         All outputs are up-to-date.
       Link:
         c:\Program Files (x86)\Microsoft Visual Studio 10.0\VC\bin\link.exe /ERRORREPORT:PROMPT /OUT:"C:\Users\artur\Downloads\LcGUI\LcGUI\Release\LcGUI.exe" /INCREMENTAL:NO /NOLOGO /MANIFEST /ManifestFile:"Release\LcGUI.exe.intermediate.manifest" /MANIFESTUAC:"level='asInvoker' uiAccess='false'" /DEBUG /PDB:"C:\Users\artur\Downloads\LcGUI\LcGUI\Release\LcGUI.pdb" /SUBSYSTEM:WINDOWS /OPT:REF /OPT:ICF /LTCG /TLBID:1 /DYNAMICBASE /NXCOMPAT /IMPLIB:"C:\Users\artur\Downloads\LcGUI\LcGUI\Release\LcGUI.lib" /MACHINE:X86 Release\LcGUI.res
         Release\LcGUI.obj
         Release\LcGUIDlg.obj
         Release\stdafx.obj
         Generating code
         Finished generating code
         LcGUI.vcxproj -> C:\Users\artur\Downloads\LcGUI\LcGUI\Release\LcGUI.exe
       Manifest:
         C:\Program Files (x86)\Microsoft SDKs\Windows\v7.0A\bin\mt.exe /nologo /verbose /outputresource:"C:\Users\artur\Downloads\LcGUI\LcGUI\Release\LcGUI.exe;#1" /manifest Release\LcGUI.exe.intermediate.manifest "c:\Program Files (x86)\Microsoft Visual Studio 10.0\VC\Include\Manifest\dpiaware.manifest"
       FinalizeBuildStatus:
         Deleting file "Release\LcGUI.unsuccessfulbuild".
         Touching "Release\LcGUI.lastbuildstate".
     1>Done Building Project "C:\Users\artur\Downloads\LcGUI\LcGUI\LcGUI\LcGUI.vcxproj" (build target(s)).

Build succeeded.

Time Elapsed 00:00:37.25
